
node:internal/modules/run_main:115
    triggerUncaughtException(
    ^
Error [ERR_MODULE_NOT_FOUND]: Cannot find module '/home/osamanoo/dev/stage_player/stage_player_back/src/index.tsx' imported from /home/osamanoo/dev/stage_player/stage_player_back/
    at finalizeResolution (node:internal/modules/esm/resolve:260:11)
    at moduleResolve (node:internal/modules/esm/resolve:920:10)
    at defaultResolve (node:internal/modules/esm/resolve:1119:11)
    at nextResolve (node:internal/modules/esm/hooks:791:28)
    at resolve (file:///home/osamanoo/.npm/_npx/fd45a72a545557e9/node_modules/tsx/dist/esm/index.mjs?1718418671612:2:3893)
    at nextResolve (node:internal/modules/esm/hooks:791:28)
    at Hooks.resolve (node:internal/modules/esm/hooks:238:30)
    at handleMessage (node:internal/modules/esm/worker:255:24)
    at Immediate.checkForMessages (node:internal/modules/esm/worker:157:28)
    at process.processImmediate (node:internal/timers:478:21) {
  code: 'ERR_MODULE_NOT_FOUND',
  url: 'file:///home/osamanoo/dev/stage_player/stage_player_back/src/index.tsx'
}

Node.js v22.2.0

> stage_player_react@0.1.0 start
> react-app-rewired start


node:internal/modules/run_main:115
    triggerUncaughtException(
    ^
Error [ERR_MODULE_NOT_FOUND]: Cannot find module '/home/osamanoo/dev/stage_player/stage_player_back/src/index.tsx' imported from /home/osamanoo/dev/stage_player/stage_player_back/
    at finalizeResolution (node:internal/modules/esm/resolve:260:11)
    at moduleResolve (node:internal/modules/esm/resolve:920:10)
    at defaultResolve (node:internal/modules/esm/resolve:1119:11)
    at nextResolve (node:internal/modules/esm/hooks:791:28)
    at resolve (file:///home/osamanoo/.npm/_npx/fd45a72a545557e9/node_modules/tsx/dist/esm/index.mjs?1718475643895:2:3893)
    at nextResolve (node:internal/modules/esm/hooks:791:28)
    at Hooks.resolve (node:internal/modules/esm/hooks:238:30)
    at handleMessage (node:internal/modules/esm/worker:255:24)
    at Immediate.checkForMessages (node:internal/modules/esm/worker:157:28)
    at process.processImmediate (node:internal/timers:478:21) {
  code: 'ERR_MODULE_NOT_FOUND',
  url: 'file:///home/osamanoo/dev/stage_player/stage_player_back/src/index.tsx'
}

Node.js v22.2.0

> stage_player_react@0.1.0 start
> react-app-rewired start

(node:8650) [DEP_WEBPACK_DEV_SERVER_ON_AFTER_SETUP_MIDDLEWARE] DeprecationWarning: 'onAfterSetupMiddleware' option is deprecated. Please use the 'setupMiddlewares' option.
(Use `node --trace-deprecation ...` to show where the warning was created)
(node:8650) [DEP_WEBPACK_DEV_SERVER_ON_BEFORE_SETUP_MIDDLEWARE] DeprecationWarning: 'onBeforeSetupMiddleware' option is deprecated. Please use the 'setupMiddlewares' option.
Starting the development server...

Compiled successfully!

You can now view stage_player_react in the browser.

  Local:            http://localhost:2800
  On Your Network:  http://192.168.1.236:2800

Note that the development build is not optimized.
To create a production build, use npm run build.

webpack compiled successfully
Killed
