
node:internal/modules/run_main:115
    triggerUncaughtException(
    ^
Error [ERR_MODULE_NOT_FOUND]: Cannot find module '/home/osamanoo/dev/stage_player/stage_player_back/src/index.tsx' imported from /home/osamanoo/dev/stage_player/stage_player_back/
    at finalizeResolution (node:internal/modules/esm/resolve:260:11)
    at moduleResolve (node:internal/modules/esm/resolve:920:10)
    at defaultResolve (node:internal/modules/esm/resolve:1119:11)
    at nextResolve (node:internal/modules/esm/hooks:791:28)
    at resolve (file:///home/osamanoo/.npm/_npx/fd45a72a545557e9/node_modules/tsx/dist/esm/index.mjs?1718521495181:2:3893)
    at nextResolve (node:internal/modules/esm/hooks:791:28)
    at Hooks.resolve (node:internal/modules/esm/hooks:238:30)
    at handleMessage (node:internal/modules/esm/worker:255:24)
    at Immediate.checkForMessages (node:internal/modules/esm/worker:157:28)
    at process.processImmediate (node:internal/timers:478:21) {
  code: 'ERR_MODULE_NOT_FOUND',
  url: 'file:///home/osamanoo/dev/stage_player/stage_player_back/src/index.tsx'
}

Node.js v22.2.0

node:internal/modules/run_main:115
    triggerUncaughtException(
    ^
Error [ERR_MODULE_NOT_FOUND]: Cannot find module '/home/osamanoo/dev/stage_player/stage_player_back/src/index.tsx' imported from /home/osamanoo/dev/stage_player/stage_player_back/
    at finalizeResolution (node:internal/modules/esm/resolve:260:11)
    at moduleResolve (node:internal/modules/esm/resolve:920:10)
    at defaultResolve (node:internal/modules/esm/resolve:1119:11)
    at nextResolve (node:internal/modules/esm/hooks:791:28)
    at resolve (file:///home/osamanoo/.npm/_npx/fd45a72a545557e9/node_modules/tsx/dist/esm/index.mjs?1718564022194:2:3893)
    at nextResolve (node:internal/modules/esm/hooks:791:28)
    at Hooks.resolve (node:internal/modules/esm/hooks:238:30)
    at handleMessage (node:internal/modules/esm/worker:255:24)
    at Immediate.checkForMessages (node:internal/modules/esm/worker:157:28)
    at process.processImmediate (node:internal/timers:478:21) {
  code: 'ERR_MODULE_NOT_FOUND',
  url: 'file:///home/osamanoo/dev/stage_player/stage_player_back/src/index.tsx'
}

Node.js v22.2.0

node:internal/modules/run_main:115
    triggerUncaughtException(
    ^
Error [ERR_MODULE_NOT_FOUND]: Cannot find module '/home/osamanoo/dev/stage_player/stage_player_back/src/index.tsx' imported from /home/osamanoo/dev/stage_player/stage_player_back/
    at finalizeResolution (node:internal/modules/esm/resolve:260:11)
    at moduleResolve (node:internal/modules/esm/resolve:920:10)
    at defaultResolve (node:internal/modules/esm/resolve:1119:11)
    at nextResolve (node:internal/modules/esm/hooks:791:28)
    at resolve (file:///home/osamanoo/.npm/_npx/fd45a72a545557e9/node_modules/tsx/dist/esm/index.mjs?1718564600783:2:3893)
    at nextResolve (node:internal/modules/esm/hooks:791:28)
    at Hooks.resolve (node:internal/modules/esm/hooks:238:30)
    at handleMessage (node:internal/modules/esm/worker:255:24)
    at Immediate.checkForMessages (node:internal/modules/esm/worker:157:28)
    at process.processImmediate (node:internal/timers:478:21) {
  code: 'ERR_MODULE_NOT_FOUND',
  url: 'file:///home/osamanoo/dev/stage_player/stage_player_back/src/index.tsx'
}

Node.js v22.2.0

node:internal/modules/run_main:115
    triggerUncaughtException(
    ^
Error [ERR_MODULE_NOT_FOUND]: Cannot find module '/home/osamanoo/dev/stage_player/stage_player_back/src/index.tsx' imported from /home/osamanoo/dev/stage_player/stage_player_back/
    at finalizeResolution (node:internal/modules/esm/resolve:260:11)
    at moduleResolve (node:internal/modules/esm/resolve:920:10)
    at defaultResolve (node:internal/modules/esm/resolve:1119:11)
    at nextResolve (node:internal/modules/esm/hooks:791:28)
    at resolve (file:///home/osamanoo/.npm/_npx/fd45a72a545557e9/node_modules/tsx/dist/esm/index.mjs?1718564616866:2:3893)
    at nextResolve (node:internal/modules/esm/hooks:791:28)
    at Hooks.resolve (node:internal/modules/esm/hooks:238:30)
    at handleMessage (node:internal/modules/esm/worker:255:24)
    at Immediate.checkForMessages (node:internal/modules/esm/worker:157:28)
    at process.processImmediate (node:internal/timers:478:21) {
  code: 'ERR_MODULE_NOT_FOUND',
  url: 'file:///home/osamanoo/dev/stage_player/stage_player_back/src/index.tsx'
}

Node.js v22.2.0

node:internal/modules/run_main:115
    triggerUncaughtException(
    ^
Error [ERR_MODULE_NOT_FOUND]: Cannot find module '/home/osamanoo/dev/stage_player/stage_player_back/src/index.tsx' imported from /home/osamanoo/dev/stage_player/stage_player_back/
    at finalizeResolution (node:internal/modules/esm/resolve:260:11)
    at moduleResolve (node:internal/modules/esm/resolve:920:10)
    at defaultResolve (node:internal/modules/esm/resolve:1119:11)
    at nextResolve (node:internal/modules/esm/hooks:791:28)
    at resolve (file:///home/osamanoo/.npm/_npx/fd45a72a545557e9/node_modules/tsx/dist/esm/index.mjs?1718564624867:2:3893)
    at nextResolve (node:internal/modules/esm/hooks:791:28)
    at Hooks.resolve (node:internal/modules/esm/hooks:238:30)
    at handleMessage (node:internal/modules/esm/worker:255:24)
    at Immediate.checkForMessages (node:internal/modules/esm/worker:157:28)
    at process.processImmediate (node:internal/timers:478:21) {
  code: 'ERR_MODULE_NOT_FOUND',
  url: 'file:///home/osamanoo/dev/stage_player/stage_player_back/src/index.tsx'
}

Node.js v22.2.0

node:internal/modules/run_main:115
    triggerUncaughtException(
    ^
Error [ERR_MODULE_NOT_FOUND]: Cannot find module '/home/osamanoo/dev/stage_player/stage_player_back/src/index.tsx' imported from /home/osamanoo/dev/stage_player/stage_player_back/
    at finalizeResolution (node:internal/modules/esm/resolve:260:11)
    at moduleResolve (node:internal/modules/esm/resolve:920:10)
    at defaultResolve (node:internal/modules/esm/resolve:1119:11)
    at nextResolve (node:internal/modules/esm/hooks:791:28)
    at resolve (file:///home/osamanoo/.npm/_npx/fd45a72a545557e9/node_modules/tsx/dist/esm/index.mjs?1718564655567:2:3893)
    at nextResolve (node:internal/modules/esm/hooks:791:28)
    at Hooks.resolve (node:internal/modules/esm/hooks:238:30)
    at handleMessage (node:internal/modules/esm/worker:255:24)
    at Immediate.checkForMessages (node:internal/modules/esm/worker:157:28)
    at process.processImmediate (node:internal/timers:478:21) {
  code: 'ERR_MODULE_NOT_FOUND',
  url: 'file:///home/osamanoo/dev/stage_player/stage_player_back/src/index.tsx'
}

Node.js v22.2.0

node:internal/modules/run_main:115
    triggerUncaughtException(
    ^
Error [ERR_MODULE_NOT_FOUND]: Cannot find module '/home/osamanoo/dev/stage_player/stage_player_back/src/index.tsx' imported from /home/osamanoo/dev/stage_player/stage_player_back/
    at finalizeResolution (node:internal/modules/esm/resolve:260:11)
    at moduleResolve (node:internal/modules/esm/resolve:920:10)
    at defaultResolve (node:internal/modules/esm/resolve:1119:11)
    at nextResolve (node:internal/modules/esm/hooks:791:28)
    at resolve (file:///home/osamanoo/.npm/_npx/fd45a72a545557e9/node_modules/tsx/dist/esm/index.mjs?1718564814639:2:3893)
    at nextResolve (node:internal/modules/esm/hooks:791:28)
    at Hooks.resolve (node:internal/modules/esm/hooks:238:30)
    at handleMessage (node:internal/modules/esm/worker:255:24)
    at Immediate.checkForMessages (node:internal/modules/esm/worker:157:28)
    at process.processImmediate (node:internal/timers:478:21) {
  code: 'ERR_MODULE_NOT_FOUND',
  url: 'file:///home/osamanoo/dev/stage_player/stage_player_back/src/index.tsx'
}

Node.js v22.2.0

node:internal/modules/run_main:115
    triggerUncaughtException(
    ^
Error [ERR_MODULE_NOT_FOUND]: Cannot find module '/home/osamanoo/dev/stage_player/stage_player_back/src/index.tsx' imported from /home/osamanoo/dev/stage_player/stage_player_back/
    at finalizeResolution (node:internal/modules/esm/resolve:260:11)
    at moduleResolve (node:internal/modules/esm/resolve:920:10)
    at defaultResolve (node:internal/modules/esm/resolve:1119:11)
    at nextResolve (node:internal/modules/esm/hooks:791:28)
    at resolve (file:///home/osamanoo/.npm/_npx/fd45a72a545557e9/node_modules/tsx/dist/esm/index.mjs?1718565687556:2:3893)
    at nextResolve (node:internal/modules/esm/hooks:791:28)
    at Hooks.resolve (node:internal/modules/esm/hooks:238:30)
    at handleMessage (node:internal/modules/esm/worker:255:24)
    at Immediate.checkForMessages (node:internal/modules/esm/worker:157:28)
    at process.processImmediate (node:internal/timers:478:21) {
  code: 'ERR_MODULE_NOT_FOUND',
  url: 'file:///home/osamanoo/dev/stage_player/stage_player_back/src/index.tsx'
}

Node.js v22.2.0
